0 info it worked if it ends with ok
1 verbose cli [ 'C:\\Program Files\\nodejs\\node.exe',
1 verbose cli   'C:\\Users\\sss\\AppData\\Roaming\\npm\\node_modules\\npm\\bin\\npm-cli.js',
1 verbose cli   'start' ]
2 info using npm@3.3.12
3 info using node@v4.2.1
4 verbose run-script [ 'prestart', 'start', 'poststart' ]
5 info lifecycle mp3-server@1.0.0~prestart: mp3-server@1.0.0
6 silly lifecycle mp3-server@1.0.0~prestart: no script for prestart, continuing
7 info lifecycle mp3-server@1.0.0~start: mp3-server@1.0.0
8 verbose lifecycle mp3-server@1.0.0~start: unsafe-perm in lifecycle true
9 verbose lifecycle mp3-server@1.0.0~start: PATH: C:\Users\sss\AppData\Roaming\npm\node_modules\npm\bin\node-gyp-bin;C:\Users\sss\Desktop\mp3-stable\mp3-server\node_modules\.bin;C:\ProgramData\Oracle\Java\javapath;C:\Perl64\site\bin;C:\Perl64\bin;C:\oraclexe\app\oracle\product\11.2.0\server\bin;C:\Program Files (x86)\NVIDIA Corporation\PhysX\Common;C:\OracleDatabaseEX\app\oracle\product\11.2.0\server\bin;C:\WINDOWS\system32;C:\WINDOWS;C:\WINDOWS\System32\Wbem;C:\WINDOWS\System32\WindowsPowerShell\v1.0\;C:\Program Files (x86)\ATI Technologies\ATI.ACE\Core-Static;C:\Users\sss\AppData\Local\GitHub;C:\Program Files (x86)\Git\cmd;C:\Program Files (x86)\Git\bin;C:\WINDOWS\system32\config\systemprofile\.dnx\bin;C:\Program Files\Microsoft DNX\Dnvm\;C:\Program Files (x86)\GtkSharp\2.12\bin;C:\Program Files (x86)\AMD\ATI.ACE\Core-Static;C:\Program Files\Java\jdk1.8.0_65\bin\;C:\Program Files (x86)\Heroku\bin;C:\Program Files (x86)\git\cmd;C:\Program Files (x86)\Curl;C:\Program Files (x86)\Microsoft Visual Studio 14.0\VC\bin\;C:\Program Files (x86)\Microsoft Visual Studio 14.0\VC\include\;C:\cygwin64\bin\;C:\Program Files\MongoDB\Server\3.0\bin\;C:\Users\sss\AppData\Roaming\nvm;C:\Program Files\nodejs;C:\Ruby22\bin;C:\Users\sss\.dnx\bin;C:\Users\sss\AppData\Roaming\npm;C:\Program Files (x86)\Microsoft VS Code\bin;C:\Users\sss\AppData\Roaming\nvm;C:\Program Files\nodejs;C:\Users\sss\AppData\Local\.meteor\
10 verbose lifecycle mp3-server@1.0.0~start: CWD: C:\Users\sss\Desktop\mp3-stable\mp3-server
11 silly lifecycle mp3-server@1.0.0~start: Args: [ '/d /s /c', 'node --harmony server.js' ]
12 silly lifecycle mp3-server@1.0.0~start: Returned: code: 1  signal: null
13 info lifecycle mp3-server@1.0.0~start: Failed to exec start script
14 verbose stack Error: mp3-server@1.0.0 start: `node --harmony server.js`
14 verbose stack Exit status 1
14 verbose stack     at EventEmitter.<anonymous> (C:\Users\sss\AppData\Roaming\npm\node_modules\npm\lib\utils\lifecycle.js:232:16)
14 verbose stack     at emitTwo (events.js:87:13)
14 verbose stack     at EventEmitter.emit (events.js:172:7)
14 verbose stack     at ChildProcess.<anonymous> (C:\Users\sss\AppData\Roaming\npm\node_modules\npm\lib\utils\spawn.js:24:14)
14 verbose stack     at emitTwo (events.js:87:13)
14 verbose stack     at ChildProcess.emit (events.js:172:7)
14 verbose stack     at maybeClose (internal/child_process.js:818:16)
14 verbose stack     at Process.ChildProcess._handle.onexit (internal/child_process.js:211:5)
15 verbose pkgid mp3-server@1.0.0
16 verbose cwd C:\Users\sss\Desktop\mp3-stable\mp3-server
17 error Windows_NT 10.0.10240
18 error argv "C:\\Program Files\\nodejs\\node.exe" "C:\\Users\\sss\\AppData\\Roaming\\npm\\node_modules\\npm\\bin\\npm-cli.js" "start"
19 error node v4.2.1
20 error npm  v3.3.12
21 error code ELIFECYCLE
22 error mp3-server@1.0.0 start: `node --harmony server.js`
22 error Exit status 1
23 error Failed at the mp3-server@1.0.0 start script 'node --harmony server.js'.
23 error Make sure you have the latest version of node.js and npm installed.
23 error If you do, this is most likely a problem with the mp3-server package,
23 error not with npm itself.
23 error Tell the author that this fails on your system:
23 error     node --harmony server.js
23 error You can get their info via:
23 error     npm owner ls mp3-server
23 error There is likely additional logging output above.
24 verbose exit [ 1, true ]
